Using pre-set license

 COMMAND LINE ARGUMENTS:
/Applications/Unity/Hub/Editor/2020.3.13f1/Unity.app/Contents/MacOS/Unity
-adb2
-batchMode
-noUpm
-name
AssetImportWorker1
-projectPath
/Users/rozencrants/Desktop/GameDev/Unior/UnityProjects/Unior
-logFile
Logs/AssetImportWorker1.log
-srvPort
56082
Successfully changed project path to: /Users/rozencrants/Desktop/GameDev/Unior/UnityProjects/Unior
/Users/rozencrants/Desktop/GameDev/Unior/UnityProjects/Unior
Using Asset Import Pipeline V2.
Refreshing native plugins compatible for Editor in 71.39 ms, found 3 plugins.
Preloading 0 native plugins for Editor in 0.00 ms.
Initialize engine version: 2020.3.13f1 (71691879b7f5)
[Subsystems] Discovering subsystems at path /Applications/Unity/Hub/Editor/2020.3.13f1/Unity.app/Contents/Resources/UnitySubsystems
[Subsystems] Discovering subsystems at path /Users/rozencrants/Desktop/GameDev/Unior/UnityProjects/Unior/Assets
GfxDevice: creating device client; threaded=0
2022-06-26 22:22:33.513 Unity[25893:2281241] C49J89x preferred device: AMD Radeon Pro 560 (high power)
2022-06-26 22:22:33.513 Unity[25893:2281241] Metal devices available: 2
2022-06-26 22:22:33.514 Unity[25893:2281241] 0: AMD Radeon Pro 560 (high power)
2022-06-26 22:22:33.514 Unity[25893:2281241] 1: Intel(R) HD Graphics 630 (low power)
2022-06-26 22:22:33.514 Unity[25893:2281241] Using device AMD Radeon Pro 560 (high power)
Initializing Metal device caps: AMD Radeon Pro 560
Initialize mono
Mono path[0] = '/Applications/Unity/Hub/Editor/2020.3.13f1/Unity.app/Contents/Managed'
Mono path[1] = '/Applications/Unity/Hub/Editor/2020.3.13f1/Unity.app/Contents/MonoBleedingEdge/lib/mono/unityjit'
Mono config path = '/Applications/Unity/Hub/Editor/2020.3.13f1/Unity.app/Contents/MonoBleedingEdge/etc'
Using monoOptions --debugger-agent=transport=dt_socket,embedding=1,server=y,suspend=n,address=127.0.0.1:56893
Begin MonoManager ReloadAssembly
Registering precompiled unity dll's ...
Register platform support module: /Applications/Unity/Hub/Editor/2020.3.13f1/PlaybackEngines/WebGLSupport/UnityEditor.WebGL.Extensions.dll
Register platform support module: /Applications/Unity/Hub/Editor/2020.3.13f1/Unity.app/Contents/PlaybackEngines/MacStandaloneSupport/UnityEditor.OSXStandalone.Extensions.dll
Register platform support module: /Applications/Unity/Hub/Editor/2020.3.13f1/PlaybackEngines/WindowsStandaloneSupport/UnityEditor.WindowsStandalone.Extensions.dll
Registered in 0.005223 seconds.
Native extension for WindowsStandalone target not found
Native extension for OSXStandalone target not found
Native extension for WebGL target not found
Refreshing native plugins compatible for Editor in 59.70 ms, found 3 plugins.
Preloading 0 native plugins for Editor in 0.00 ms.
Mono: successfully reloaded assembly
- Completed reload, in  4.351 seconds
Platform modules already initialized, skipping
Registering precompiled user dll's ...
Registered in 0.007617 seconds.
Begin MonoManager ReloadAssembly
Native extension for WindowsStandalone target not found
Native extension for OSXStandalone target not found
Native extension for WebGL target not found
Refreshing native plugins compatible for Editor in 60.70 ms, found 3 plugins.
Preloading 0 native plugins for Editor in 0.00 ms.
WARNING: RGBA Compressed ETC2 UNorm format is not supported, decompressing texture
Mono: successfully reloaded assembly
- Completed reload, in  1.760 seconds
Platform modules already initialized, skipping
========================================================================
Worker process is ready to serve import requests
Launching external process: /Applications/Unity/Hub/Editor/2020.3.13f1/Unity.app/Contents/Tools/UnityShaderCompiler
Launched and connected shader compiler UnityShaderCompiler after 0.02 seconds
Refreshing native plugins compatible for Editor in 0.61 ms, found 3 plugins.
Preloading 0 native plugins for Editor in 0.00 ms.
Unloading 2588 Unused Serialized files (Serialized files now loaded: 0)
System memory in use before: 222.5 MB.
System memory in use after: 222.7 MB.

Unloading 31 unused Assets to reduce memory usage. Loaded Objects now: 3048.
Total: 2.801015 ms (FindLiveObjects: 0.291162 ms CreateObjectMapping: 0.121522 ms MarkObjects: 2.306902 ms  DeleteObjects: 0.080118 ms)

AssetImportParameters requested are different than current active one (requested -> active):
  custom:video-decoder-ogg-theora: a1e56fd34408186e4bbccfd4996cb3dc -> 
  custom:container-muxer-webm: aa71ff27fc2769a1b78a27578f13a17b -> 
  custom:container-demuxer-webm: 4f35f7cbe854078d1ac9338744f61a02 -> 
  custom:container-demuxer-ogg: 62fdf1f143b41e24485cea50d1cbac27 -> 
  custom:video-encoder-webm-vp8: eb34c28f22e8b96e1ab97ce403110664 -> 
  custom:framework-osx-AVFoundation: e770b220cccbd017edd2c1fefb359320 -> 
  custom:video-decoder-webm-vp8: 9c59270c3fd7afecdb556c50c9e8de78 -> 
  custom:audio-decoder-ogg-vorbis: bf7c407c2cedff20999df2af8eb42d56 -> 
  custom:audio-encoder-webm-vorbis: bf7c407c2cedff20999df2af8eb42d56 -> 
========================================================================
Received Import Request.
  path: Assets/Prefabs/Environment/BasePlatform.prefab
  artifactKey: Guid(cabe7f2e79adf41bfb6ab73d7564dd77) Importer(815301076,1909f56bfc062723c751e8b465ee728b)
Start importing Assets/Prefabs/Environment/BasePlatform.prefab using Guid(cabe7f2e79adf41bfb6ab73d7564dd77) Importer(815301076,1909f56bfc062723c751e8b465ee728b)  -> (artifact id: 'a374f2fdd413b53adae2d36a82256117') in 1.186636 seconds 
  Import took 1.192533 seconds .

========================================================================
Received Import Request.
  Time since last request: 188.328396 seconds.
  path: Assets/Prefabs/Environment/BasePlatform.prefab
  artifactKey: Guid(cabe7f2e79adf41bfb6ab73d7564dd77) Importer(815301076,1909f56bfc062723c751e8b465ee728b)
Start importing Assets/Prefabs/Environment/BasePlatform.prefab using Guid(cabe7f2e79adf41bfb6ab73d7564dd77) Importer(815301076,1909f56bfc062723c751e8b465ee728b)  -> (artifact id: '82514d67b68ed9c98e206252de2c82dd') in 0.050877 seconds 
  Import took 0.057675 seconds .

========================================================================
Received Prepare
Registering precompiled user dll's ...
Registered in 0.006644 seconds.
Begin MonoManager ReloadAssembly
Native extension for WindowsStandalone target not found
Native extension for OSXStandalone target not found
Native extension for WebGL target not found
Refreshing native plugins compatible for Editor in 0.62 ms, found 3 plugins.
Preloading 0 native plugins for Editor in 0.00 ms.
Mono: successfully reloaded assembly
- Completed reload, in  1.540 seconds
Platform modules already initialized, skipping
Switching build target platform(2) subTarget(0) extendedPlatform(0) -> platform(13) subTarget(537395200) extendedPlatform(0)
Refreshing native plugins compatible for Editor in 0.59 ms, found 3 plugins.
Preloading 0 native plugins for Editor in 0.00 ms.
Unloading 2565 Unused Serialized files (Serialized files now loaded: 0)
System memory in use before: 227.7 MB.
System memory in use after: 228.0 MB.

Unloading 17 unused Assets to reduce memory usage. Loaded Objects now: 3059.
Total: 2.701222 ms (FindLiveObjects: 0.337916 ms CreateObjectMapping: 0.118494 ms MarkObjects: 2.223727 ms  DeleteObjects: 0.018024 ms)

AssetImportParameters requested are different than current active one (requested -> active):
  custom:video-decoder-ogg-theora: a1e56fd34408186e4bbccfd4996cb3dc -> 
  custom:container-muxer-webm: aa71ff27fc2769a1b78a27578f13a17b -> 
  custom:container-demuxer-webm: 4f35f7cbe854078d1ac9338744f61a02 -> 
  custom:container-demuxer-ogg: 62fdf1f143b41e24485cea50d1cbac27 -> 
  custom:video-encoder-webm-vp8: eb34c28f22e8b96e1ab97ce403110664 -> 
  custom:framework-osx-AVFoundation: e770b220cccbd017edd2c1fefb359320 -> 
  custom:video-decoder-webm-vp8: 9c59270c3fd7afecdb556c50c9e8de78 -> 
  custom:graphics/normal-map-encoding: 01000000000000000000000000000000 -> 02000000000000000000000000000000
  custom:audio-decoder-ogg-vorbis: bf7c407c2cedff20999df2af8eb42d56 -> 
  custom:audio-encoder-webm-vorbis: bf7c407c2cedff20999df2af8eb42d56 -> 
========================================================================
Received Prepare
Registering precompiled user dll's ...
Registered in 0.002629 seconds.
Begin MonoManager ReloadAssembly
Native extension for WindowsStandalone target not found
Native extension for OSXStandalone target not found
Native extension for WebGL target not found
Refreshing native plugins compatible for Editor in 0.59 ms, found 3 plugins.
Preloading 0 native plugins for Editor in 0.00 ms.
Mono: successfully reloaded assembly
- Completed reload, in  1.513 seconds
Platform modules already initialized, skipping
Switching build target platform(2) subTarget(0) extendedPlatform(0) -> platform(13) subTarget(537395200) extendedPlatform(0)
Refreshing native plugins compatible for Editor in 0.60 ms, found 3 plugins.
Preloading 0 native plugins for Editor in 0.00 ms.
Unloading 2565 Unused Serialized files (Serialized files now loaded: 0)
System memory in use before: 228.1 MB.
System memory in use after: 228.3 MB.

Unloading 17 unused Assets to reduce memory usage. Loaded Objects now: 3063.
Total: 2.920191 ms (FindLiveObjects: 0.292941 ms CreateObjectMapping: 0.146064 ms MarkObjects: 2.461935 ms  DeleteObjects: 0.018185 ms)

AssetImportParameters requested are different than current active one (requested -> active):
  custom:video-decoder-ogg-theora: a1e56fd34408186e4bbccfd4996cb3dc -> 
  custom:container-muxer-webm: aa71ff27fc2769a1b78a27578f13a17b -> 
  custom:container-demuxer-webm: 4f35f7cbe854078d1ac9338744f61a02 -> 
  custom:container-demuxer-ogg: 62fdf1f143b41e24485cea50d1cbac27 -> 
  custom:video-encoder-webm-vp8: eb34c28f22e8b96e1ab97ce403110664 -> 
  custom:framework-osx-AVFoundation: e770b220cccbd017edd2c1fefb359320 -> 
  custom:video-decoder-webm-vp8: 9c59270c3fd7afecdb556c50c9e8de78 -> 
  custom:graphics/normal-map-encoding: 01000000000000000000000000000000 -> 02000000000000000000000000000000
  custom:audio-decoder-ogg-vorbis: bf7c407c2cedff20999df2af8eb42d56 -> 
  custom:audio-encoder-webm-vorbis: bf7c407c2cedff20999df2af8eb42d56 -> 
========================================================================
Received Import Request.
  Time since last request: 568.615976 seconds.
  path: Assets/Prefabs/Environment/BasePlatform.prefab
  artifactKey: Guid(cabe7f2e79adf41bfb6ab73d7564dd77) Importer(815301076,1909f56bfc062723c751e8b465ee728b)
Start importing Assets/Prefabs/Environment/BasePlatform.prefab using Guid(cabe7f2e79adf41bfb6ab73d7564dd77) Importer(815301076,1909f56bfc062723c751e8b465ee728b)  -> (artifact id: 'eb07a7ad7f6fce66e38e70f16926d73a') in 0.155782 seconds 
  Import took 0.161871 seconds .

========================================================================
Received Prepare
Registering precompiled user dll's ...
Registered in 0.007403 seconds.
Begin MonoManager ReloadAssembly
Native extension for WindowsStandalone target not found
Native extension for OSXStandalone target not found
Native extension for WebGL target not found
Refreshing native plugins compatible for Editor in 0.59 ms, found 3 plugins.
Preloading 0 native plugins for Editor in 0.00 ms.
Mono: successfully reloaded assembly
- Completed reload, in  1.585 seconds
Platform modules already initialized, skipping
Switching build target platform(2) subTarget(0) extendedPlatform(0) -> platform(13) subTarget(537395200) extendedPlatform(0)
Refreshing native plugins compatible for Editor in 1.03 ms, found 3 plugins.
Preloading 0 native plugins for Editor in 0.00 ms.
Unloading 2565 Unused Serialized files (Serialized files now loaded: 0)
System memory in use before: 228.4 MB.
System memory in use after: 228.6 MB.

Unloading 17 unused Assets to reduce memory usage. Loaded Objects now: 3068.
Total: 2.862807 ms (FindLiveObjects: 0.308111 ms CreateObjectMapping: 0.144173 ms MarkObjects: 2.391633 ms  DeleteObjects: 0.018015 ms)

AssetImportParameters requested are different than current active one (requested -> active):
  custom:video-decoder-ogg-theora: a1e56fd34408186e4bbccfd4996cb3dc -> 
  custom:container-muxer-webm: aa71ff27fc2769a1b78a27578f13a17b -> 
  custom:container-demuxer-webm: 4f35f7cbe854078d1ac9338744f61a02 -> 
  custom:container-demuxer-ogg: 62fdf1f143b41e24485cea50d1cbac27 -> 
  custom:video-encoder-webm-vp8: eb34c28f22e8b96e1ab97ce403110664 -> 
  custom:framework-osx-AVFoundation: e770b220cccbd017edd2c1fefb359320 -> 
  custom:video-decoder-webm-vp8: 9c59270c3fd7afecdb556c50c9e8de78 -> 
  custom:graphics/normal-map-encoding: 01000000000000000000000000000000 -> 02000000000000000000000000000000
  custom:audio-decoder-ogg-vorbis: bf7c407c2cedff20999df2af8eb42d56 -> 
  custom:audio-encoder-webm-vorbis: bf7c407c2cedff20999df2af8eb42d56 -> 
========================================================================
Received Import Request.
  Time since last request: 29.567204 seconds.
  path: Assets/Prefabs/Environment/BasePlatform.prefab
  artifactKey: Guid(cabe7f2e79adf41bfb6ab73d7564dd77) Importer(815301076,1909f56bfc062723c751e8b465ee728b)
Start importing Assets/Prefabs/Environment/BasePlatform.prefab using Guid(cabe7f2e79adf41bfb6ab73d7564dd77) Importer(815301076,1909f56bfc062723c751e8b465ee728b) Diagnostics callstack to track who triggered the sub-import:
 #5 ImportAsset(core::hash_map<AssetDatabase::ImporterID, ImporterInfo, core::hash<AssetDatabase::ImporterID>, std::__1::equal_to<AssetDatabase::ImporterID> > const&, dynamic_array<PostprocessorInfo, 0ul> const&, AssetResolveTracker const&, ImportAssetInputs const&, ImportAssetOutputs&, IImportProgress*)
 #6 AssetImportWorker::Import(AssetResolver&, WorkerImportPayload const&, WorkerImportResponse&, IImportProgress*, bool*)
 #7 core::mutable_function<void ()>::DispatchT<void IOService::PostHelper<AssetImportWorkerClient::HandleMessage(ImportRequestMessage const&)::$_6>(AssetImportWorkerClient::HandleMessage(ImportRequestMessage const&)::$_6&&, IOService::WrapCallableInFunctionTag)::'lambda'()>::Dispatch()
 #8 asio::detail::completion_handler<core::mutable_function<void ()> >::do_complete(asio::detail::task_io_service*, asio::detail::task_io_service_operation*, std::__1::error_code const&, unsigned long)
 #9 asio::detail::task_io_service::do_run_one(asio::detail::scoped_lock<asio::detail::posix_mutex>&, asio::detail::task_io_service_thread_info&, std::__1::error_code const&)
 #10 asio::detail::task_io_service::run(std::__1::error_code&)
 #11 IOService::Run(bool)
 #12 RunAssetImporterV2()
 #13 Application::InitializeProject()
 #14 -[EditorApplication applicationDidFinishLaunching:]
 #15 __CFNOTIFICATIONCENTER_IS_CALLING_OUT_TO_AN_OBSERVER__
 #16 ___CFXRegistrationPost_block_invoke
 #17 _CFXRegistrationPost
 #18 _CFXNotificationPost
 #19 -[NSNotificationCenter postNotificationName:object:userInfo:]
 #20 -[NSApplication _postDidFinishNotification]
 #21 -[NSApplication _sendFinishLaunchingNotification]
 #22 -[NSApplication(NSAppleEventHandling) _handleAEOpenEvent:]
 #23 -[NSApplication(NSAppleEventHandling) _handleCoreEvent:withReplyEvent:]
 #24 -[NSAppleEventManager dispatchRawAppleEvent:withRawReply:handlerRefCon:]
 #25 _NSAppleEventManagerGenericHandler
 #26 _AppleEventsCheckInAppWithBlock
 #27 _AppleEventsCheckInAppWithBlock
 #28 aeProcessAppleEvent
 #29 AEProcessAppleEvent
 #30 _DPSNextEvent
 #31 -[NSApplication(NSEvent) _nextEventMatchingEventMask:untilDate:inMode:dequeue:]
 #32 -[NSApplication run]
 #33 NSApplicationMain
 #34 EditorMain(int, char const**)
 #35 main
 #36 start
 #37 ???

Requesting import of Guid(cabe7f2e79adf41bfb6ab73d7564dd77) Importer(-1,00000000000000000000000000000000), Assets/Prefabs/Environment/BasePlatform.prefab from editor
Resuming Guid(cabe7f2e79adf41bfb6ab73d7564dd77) Importer(-1,00000000000000000000000000000000) -> 00000000000000000000000000000000 (aborted)
Diagnostics callstack to track who triggered the sub-import:
 #5 ImportToObjects(core::basic_string<char, core::StringStorageDefault<char> > const&, core::hash_map<AssetDatabase::ImporterID, ImporterInfo, core::hash<AssetDatabase::ImporterID>, std::__1::equal_to<AssetDatabase::ImporterID> > const&, dynamic_array<PostprocessorInfo, 0ul> const&, AssetResolveTracker const&, ImportAssetInputs const&, ImportAssetOutputs&, IImportProgress*)
 #6 ImportAsset(core::hash_map<AssetDatabase::ImporterID, ImporterInfo, core::hash<AssetDatabase::ImporterID>, std::__1::equal_to<AssetDatabase::ImporterID> > const&, dynamic_array<PostprocessorInfo, 0ul> const&, AssetResolveTracker const&, ImportAssetInputs const&, ImportAssetOutputs&, IImportProgress*)
 #7 AssetImportWorker::Import(AssetResolver&, WorkerImportPayload const&, WorkerImportResponse&, IImportProgress*, bool*)
 #8 core::mutable_function<void ()>::DispatchT<void IOService::PostHelper<AssetImportWorkerClient::HandleMessage(ImportRequestMessage const&)::$_6>(AssetImportWorkerClient::HandleMessage(ImportRequestMessage const&)::$_6&&, IOService::WrapCallableInFunctionTag)::'lambda'()>::Dispatch()
 #9 asio::detail::completion_handler<core::mutable_function<void ()> >::do_complete(asio::detail::task_io_service*, asio::detail::task_io_service_operation*, std::__1::error_code const&, unsigned long)
 #10 asio::detail::task_io_service::do_run_one(asio::detail::scoped_lock<asio::detail::posix_mutex>&, asio::detail::task_io_service_thread_info&, std::__1::error_code const&)
 #11 asio::detail::task_io_service::run(std::__1::error_code&)
 #12 IOService::Run(bool)
 #13 RunAssetImporterV2()
 #14 Application::InitializeProject()
 #15 -[EditorApplication applicationDidFinishLaunching:]
 #16 __CFNOTIFICATIONCENTER_IS_CALLING_OUT_TO_AN_OBSERVER__
 #17 ___CFXRegistrationPost_block_invoke
 #18 _CFXRegistrationPost
 #19 _CFXNotificationPost
 #20 -[NSNotificationCenter postNotificationName:object:userInfo:]
 #21 -[NSApplication _postDidFinishNotification]
 #22 -[NSApplication _sendFinishLaunchingNotification]
 #23 -[NSApplication(NSAppleEventHandling) _handleAEOpenEvent:]
 #24 -[NSApplication(NSAppleEventHandling) _handleCoreEvent:withReplyEvent:]
 #25 -[NSAppleEventManager dispatchRawAppleEvent:withRawReply:handlerRefCon:]
 #26 _NSAppleEventManagerGenericHandler
 #27 _AppleEventsCheckInAppWithBlock
 #28 _AppleEventsCheckInAppWithBlock
 #29 aeProcessAppleEvent
 #30 AEProcessAppleEvent
 #31 _DPSNextEvent
 #32 -[NSApplication(NSEvent) _nextEventMatchingEventMask:untilDate:inMode:dequeue:]
 #33 -[NSApplication run]
 #34 NSApplicationMain
 #35 EditorMain(int, char const**)
 #36 main
 #37 start
 #38 ???

Sub-import of Guid(cabe7f2e79adf41bfb6ab73d7564dd77) Importer(-1,00000000000000000000000000000000), Assets/Prefabs/Environment/BasePlatform.prefab skipped because a previous one failed already
 -> (artifact id: 'aaf0d9fb7993b941ee4ffe256fcaa889') in 0.049861 seconds 
  Import took 0.054387 seconds (was aborted).

========================================================================
Received Import Request.
  Time since last request: 0.011898 seconds.
  path: Assets/Prefabs/Environment/BasePlatform.prefab
  artifactKey: Guid(cabe7f2e79adf41bfb6ab73d7564dd77) Importer(815301076,1909f56bfc062723c751e8b465ee728b)
Start importing Assets/Prefabs/Environment/BasePlatform.prefab using Guid(cabe7f2e79adf41bfb6ab73d7564dd77) Importer(815301076,1909f56bfc062723c751e8b465ee728b)  -> (artifact id: '31dbc05a68f4f172c2246d0ef08e3739') in 0.130761 seconds 
  Import took 0.137509 seconds .

========================================================================
Received Import Request.
  Time since last request: 3.369617 seconds.
  path: Assets/Prefabs/Environment/BasePlatform.prefab
  artifactKey: Guid(cabe7f2e79adf41bfb6ab73d7564dd77) Importer(815301076,1909f56bfc062723c751e8b465ee728b)
Start importing Assets/Prefabs/Environment/BasePlatform.prefab using Guid(cabe7f2e79adf41bfb6ab73d7564dd77) Importer(815301076,1909f56bfc062723c751e8b465ee728b)  -> (artifact id: '794b63042e37e1f122abb09f1f66740e') in 0.030067 seconds 
  Import took 0.037811 seconds .

========================================================================
Received Prepare
Registering precompiled user dll's ...
Registered in 0.002188 seconds.
Begin MonoManager ReloadAssembly
Native extension for WindowsStandalone target not found
Native extension for OSXStandalone target not found
Native extension for WebGL target not found
Refreshing native plugins compatible for Editor in 0.59 ms, found 3 plugins.
Preloading 0 native plugins for Editor in 0.00 ms.
Mono: successfully reloaded assembly
- Completed reload, in  1.473 seconds
Platform modules already initialized, skipping
Switching build target platform(2) subTarget(0) extendedPlatform(0) -> platform(13) subTarget(537395200) extendedPlatform(0)
Refreshing native plugins compatible for Editor in 0.58 ms, found 3 plugins.
Preloading 0 native plugins for Editor in 0.00 ms.
Unloading 2565 Unused Serialized files (Serialized files now loaded: 0)
System memory in use before: 228.8 MB.
System memory in use after: 229.0 MB.

Unloading 17 unused Assets to reduce memory usage. Loaded Objects now: 3073.
Total: 2.851720 ms (FindLiveObjects: 0.291950 ms CreateObjectMapping: 0.125033 ms MarkObjects: 2.411809 ms  DeleteObjects: 0.022013 ms)

AssetImportParameters requested are different than current active one (requested -> active):
  custom:video-decoder-ogg-theora: a1e56fd34408186e4bbccfd4996cb3dc -> 
  custom:container-muxer-webm: aa71ff27fc2769a1b78a27578f13a17b -> 
  custom:container-demuxer-webm: 4f35f7cbe854078d1ac9338744f61a02 -> 
  custom:container-demuxer-ogg: 62fdf1f143b41e24485cea50d1cbac27 -> 
  custom:video-encoder-webm-vp8: eb34c28f22e8b96e1ab97ce403110664 -> 
  custom:framework-osx-AVFoundation: e770b220cccbd017edd2c1fefb359320 -> 
  custom:video-decoder-webm-vp8: 9c59270c3fd7afecdb556c50c9e8de78 -> 
  custom:graphics/normal-map-encoding: 01000000000000000000000000000000 -> 02000000000000000000000000000000
  custom:audio-decoder-ogg-vorbis: bf7c407c2cedff20999df2af8eb42d56 -> 
  custom:audio-encoder-webm-vorbis: bf7c407c2cedff20999df2af8eb42d56 -> 
========================================================================
Received Prepare
Registering precompiled user dll's ...
Registered in 0.002623 seconds.
Begin MonoManager ReloadAssembly
Native extension for WindowsStandalone target not found
Native extension for OSXStandalone target not found
Native extension for WebGL target not found
Refreshing native plugins compatible for Editor in 0.59 ms, found 3 plugins.
Preloading 0 native plugins for Editor in 0.00 ms.
Mono: successfully reloaded assembly
- Completed reload, in  1.486 seconds
Platform modules already initialized, skipping
Switching build target platform(2) subTarget(0) extendedPlatform(0) -> platform(13) subTarget(537395200) extendedPlatform(0)
Refreshing native plugins compatible for Editor in 0.60 ms, found 3 plugins.
Preloading 0 native plugins for Editor in 0.00 ms.
Unloading 2565 Unused Serialized files (Serialized files now loaded: 0)
System memory in use before: 228.9 MB.
System memory in use after: 229.1 MB.

Unloading 17 unused Assets to reduce memory usage. Loaded Objects now: 3077.
Total: 2.849453 ms (FindLiveObjects: 0.291639 ms CreateObjectMapping: 0.117479 ms MarkObjects: 2.419344 ms  DeleteObjects: 0.019983 ms)

AssetImportParameters requested are different than current active one (requested -> active):
  custom:video-decoder-ogg-theora: a1e56fd34408186e4bbccfd4996cb3dc -> 
  custom:container-muxer-webm: aa71ff27fc2769a1b78a27578f13a17b -> 
  custom:container-demuxer-webm: 4f35f7cbe854078d1ac9338744f61a02 -> 
  custom:container-demuxer-ogg: 62fdf1f143b41e24485cea50d1cbac27 -> 
  custom:video-encoder-webm-vp8: eb34c28f22e8b96e1ab97ce403110664 -> 
  custom:framework-osx-AVFoundation: e770b220cccbd017edd2c1fefb359320 -> 
  custom:video-decoder-webm-vp8: 9c59270c3fd7afecdb556c50c9e8de78 -> 
  custom:graphics/normal-map-encoding: 01000000000000000000000000000000 -> 02000000000000000000000000000000
  custom:audio-decoder-ogg-vorbis: bf7c407c2cedff20999df2af8eb42d56 -> 
  custom:audio-encoder-webm-vorbis: bf7c407c2cedff20999df2af8eb42d56 -> 
========================================================================
Received Prepare
Registering precompiled user dll's ...
Registered in 0.002287 seconds.
Begin MonoManager ReloadAssembly
Native extension for WindowsStandalone target not found
Native extension for OSXStandalone target not found
Native extension for WebGL target not found
Refreshing native plugins compatible for Editor in 0.59 ms, found 3 plugins.
Preloading 0 native plugins for Editor in 0.00 ms.
Mono: successfully reloaded assembly
- Completed reload, in  1.548 seconds
Platform modules already initialized, skipping
Switching build target platform(2) subTarget(0) extendedPlatform(0) -> platform(13) subTarget(537395200) extendedPlatform(0)
Refreshing native plugins compatible for Editor in 0.64 ms, found 3 plugins.
Preloading 0 native plugins for Editor in 0.00 ms.
Unloading 2565 Unused Serialized files (Serialized files now loaded: 0)
System memory in use before: 229.3 MB.
System memory in use after: 229.5 MB.

Unloading 17 unused Assets to reduce memory usage. Loaded Objects now: 3081.
Total: 3.616459 ms (FindLiveObjects: 0.380054 ms CreateObjectMapping: 0.216855 ms MarkObjects: 2.993526 ms  DeleteObjects: 0.024750 ms)

AssetImportParameters requested are different than current active one (requested -> active):
  custom:video-decoder-ogg-theora: a1e56fd34408186e4bbccfd4996cb3dc -> 
  custom:container-muxer-webm: aa71ff27fc2769a1b78a27578f13a17b -> 
  custom:container-demuxer-webm: 4f35f7cbe854078d1ac9338744f61a02 -> 
  custom:container-demuxer-ogg: 62fdf1f143b41e24485cea50d1cbac27 -> 
  custom:video-encoder-webm-vp8: eb34c28f22e8b96e1ab97ce403110664 -> 
  custom:framework-osx-AVFoundation: e770b220cccbd017edd2c1fefb359320 -> 
  custom:video-decoder-webm-vp8: 9c59270c3fd7afecdb556c50c9e8de78 -> 
  custom:graphics/normal-map-encoding: 01000000000000000000000000000000 -> 02000000000000000000000000000000
  custom:audio-decoder-ogg-vorbis: bf7c407c2cedff20999df2af8eb42d56 -> 
  custom:audio-encoder-webm-vorbis: bf7c407c2cedff20999df2af8eb42d56 -> 
========================================================================
Received Import Request.
  Time since last request: 252.421592 seconds.
  path: Assets/Prefabs/Environment/BasePlatform.prefab
  artifactKey: Guid(cabe7f2e79adf41bfb6ab73d7564dd77) Importer(815301076,1909f56bfc062723c751e8b465ee728b)
Start importing Assets/Prefabs/Environment/BasePlatform.prefab using Guid(cabe7f2e79adf41bfb6ab73d7564dd77) Importer(815301076,1909f56bfc062723c751e8b465ee728b)  -> (artifact id: 'd449d23a551cf393d0967e12afbc23c9') in 0.150384 seconds 
  Import took 0.156283 seconds .

========================================================================
Received Prepare
Registering precompiled user dll's ...
Registered in 0.002333 seconds.
Begin MonoManager ReloadAssembly
Native extension for WindowsStandalone target not found
Native extension for OSXStandalone target not found
Native extension for WebGL target not found
Refreshing native plugins compatible for Editor in 0.59 ms, found 3 plugins.
Preloading 0 native plugins for Editor in 0.00 ms.
Mono: successfully reloaded assembly
- Completed reload, in  1.459 seconds
Platform modules already initialized, skipping
Switching build target platform(2) subTarget(0) extendedPlatform(0) -> platform(13) subTarget(537395200) extendedPlatform(0)
Refreshing native plugins compatible for Editor in 0.58 ms, found 3 plugins.
Preloading 0 native plugins for Editor in 0.00 ms.
Unloading 2565 Unused Serialized files (Serialized files now loaded: 0)
System memory in use before: 229.5 MB.
System memory in use after: 229.8 MB.

Unloading 17 unused Assets to reduce memory usage. Loaded Objects now: 3086.
Total: 2.883138 ms (FindLiveObjects: 0.302625 ms CreateObjectMapping: 0.131620 ms MarkObjects: 2.431298 ms  DeleteObjects: 0.016725 ms)

AssetImportParameters requested are different than current active one (requested -> active):
  custom:video-decoder-ogg-theora: a1e56fd34408186e4bbccfd4996cb3dc -> 
  custom:container-muxer-webm: aa71ff27fc2769a1b78a27578f13a17b -> 
  custom:container-demuxer-webm: 4f35f7cbe854078d1ac9338744f61a02 -> 
  custom:container-demuxer-ogg: 62fdf1f143b41e24485cea50d1cbac27 -> 
  custom:video-encoder-webm-vp8: eb34c28f22e8b96e1ab97ce403110664 -> 
  custom:framework-osx-AVFoundation: e770b220cccbd017edd2c1fefb359320 -> 
  custom:video-decoder-webm-vp8: 9c59270c3fd7afecdb556c50c9e8de78 -> 
  custom:graphics/normal-map-encoding: 01000000000000000000000000000000 -> 02000000000000000000000000000000
  custom:audio-decoder-ogg-vorbis: bf7c407c2cedff20999df2af8eb42d56 -> 
  custom:audio-encoder-webm-vorbis: bf7c407c2cedff20999df2af8eb42d56 -> 
========================================================================
Received Import Request.
  Time since last request: 108.599289 seconds.
  path: Assets/Prefabs/Environment/BasePlatform.prefab
  artifactKey: Guid(cabe7f2e79adf41bfb6ab73d7564dd77) Importer(815301076,1909f56bfc062723c751e8b465ee728b)
Start importing Assets/Prefabs/Environment/BasePlatform.prefab using Guid(cabe7f2e79adf41bfb6ab73d7564dd77) Importer(815301076,1909f56bfc062723c751e8b465ee728b)  -> (artifact id: 'ffd6b7b9e66a96644551250e9cd9be3e') in 0.121788 seconds 
  Import took 0.127380 seconds .

========================================================================
Received Prepare
Registering precompiled user dll's ...
Registered in 0.002171 seconds.
Begin MonoManager ReloadAssembly
Native extension for WindowsStandalone target not found
Native extension for OSXStandalone target not found
Native extension for WebGL target not found
Refreshing native plugins compatible for Editor in 0.60 ms, found 3 plugins.
Preloading 0 native plugins for Editor in 0.00 ms.
Mono: successfully reloaded assembly
- Completed reload, in  1.806 seconds
Platform modules already initialized, skipping
Switching build target platform(2) subTarget(0) extendedPlatform(0) -> platform(13) subTarget(537395200) extendedPlatform(0)
Refreshing native plugins compatible for Editor in 0.75 ms, found 3 plugins.
Preloading 0 native plugins for Editor in 0.00 ms.
Unloading 2565 Unused Serialized files (Serialized files now loaded: 0)
System memory in use before: 229.9 MB.
System memory in use after: 230.1 MB.

Unloading 17 unused Assets to reduce memory usage. Loaded Objects now: 3091.
Total: 3.759145 ms (FindLiveObjects: 0.310530 ms CreateObjectMapping: 0.136716 ms MarkObjects: 3.285531 ms  DeleteObjects: 0.025068 ms)

AssetImportParameters requested are different than current active one (requested -> active):
  custom:video-decoder-ogg-theora: a1e56fd34408186e4bbccfd4996cb3dc -> 
  custom:container-muxer-webm: aa71ff27fc2769a1b78a27578f13a17b -> 
  custom:container-demuxer-webm: 4f35f7cbe854078d1ac9338744f61a02 -> 
  custom:container-demuxer-ogg: 62fdf1f143b41e24485cea50d1cbac27 -> 
  custom:video-encoder-webm-vp8: eb34c28f22e8b96e1ab97ce403110664 -> 
  custom:framework-osx-AVFoundation: e770b220cccbd017edd2c1fefb359320 -> 
  custom:video-decoder-webm-vp8: 9c59270c3fd7afecdb556c50c9e8de78 -> 
  custom:graphics/normal-map-encoding: 01000000000000000000000000000000 -> 02000000000000000000000000000000
  custom:audio-decoder-ogg-vorbis: bf7c407c2cedff20999df2af8eb42d56 -> 
  custom:audio-encoder-webm-vorbis: bf7c407c2cedff20999df2af8eb42d56 -> 
========================================================================
Received Import Request.
  Time since last request: 11.661853 seconds.
  path: Assets/Prefabs/Environment/BasePlatform.prefab
  artifactKey: Guid(cabe7f2e79adf41bfb6ab73d7564dd77) Importer(815301076,1909f56bfc062723c751e8b465ee728b)
Start importing Assets/Prefabs/Environment/BasePlatform.prefab using Guid(cabe7f2e79adf41bfb6ab73d7564dd77) Importer(815301076,1909f56bfc062723c751e8b465ee728b)  -> (artifact id: 'a2441cda257d70c07226f1a44e4e9f03') in 0.148778 seconds 
  Import took 0.155536 seconds .

========================================================================
Received Import Request.
  Time since last request: 64.928287 seconds.
  path: Assets/Prefabs/Environment/BasePlatform.prefab
  artifactKey: Guid(cabe7f2e79adf41bfb6ab73d7564dd77) Importer(815301076,1909f56bfc062723c751e8b465ee728b)
Start importing Assets/Prefabs/Environment/BasePlatform.prefab using Guid(cabe7f2e79adf41bfb6ab73d7564dd77) Importer(815301076,1909f56bfc062723c751e8b465ee728b)  -> (artifact id: '3f23d0c19b27664247d5cd8abe370cd6') in 0.031699 seconds 
  Import took 0.038883 seconds .

========================================================================
Received Prepare
Registering precompiled user dll's ...
Registered in 0.003306 seconds.
Begin MonoManager ReloadAssembly
Native extension for WindowsStandalone target not found
Native extension for OSXStandalone target not found
Native extension for WebGL target not found
Refreshing native plugins compatible for Editor in 1.04 ms, found 3 plugins.
Preloading 0 native plugins for Editor in 0.00 ms.
Mono: successfully reloaded assembly
- Completed reload, in  1.771 seconds
Platform modules already initialized, skipping
Switching build target platform(2) subTarget(0) extendedPlatform(0) -> platform(13) subTarget(537395200) extendedPlatform(0)
Refreshing native plugins compatible for Editor in 0.80 ms, found 3 plugins.
Preloading 0 native plugins for Editor in 0.00 ms.
Unloading 2565 Unused Serialized files (Serialized files now loaded: 0)
System memory in use before: 230.2 MB.
System memory in use after: 230.4 MB.

Unloading 17 unused Assets to reduce memory usage. Loaded Objects now: 3096.
Total: 3.235828 ms (FindLiveObjects: 0.336011 ms CreateObjectMapping: 0.152402 ms MarkObjects: 2.724257 ms  DeleteObjects: 0.021961 ms)

AssetImportParameters requested are different than current active one (requested -> active):
  custom:video-decoder-ogg-theora: a1e56fd34408186e4bbccfd4996cb3dc -> 
  custom:container-muxer-webm: aa71ff27fc2769a1b78a27578f13a17b -> 
  custom:container-demuxer-webm: 4f35f7cbe854078d1ac9338744f61a02 -> 
  custom:container-demuxer-ogg: 62fdf1f143b41e24485cea50d1cbac27 -> 
  custom:video-encoder-webm-vp8: eb34c28f22e8b96e1ab97ce403110664 -> 
  custom:framework-osx-AVFoundation: e770b220cccbd017edd2c1fefb359320 -> 
  custom:video-decoder-webm-vp8: 9c59270c3fd7afecdb556c50c9e8de78 -> 
  custom:graphics/normal-map-encoding: 01000000000000000000000000000000 -> 02000000000000000000000000000000
  custom:audio-decoder-ogg-vorbis: bf7c407c2cedff20999df2af8eb42d56 -> 
  custom:audio-encoder-webm-vorbis: bf7c407c2cedff20999df2af8eb42d56 -> 
========================================================================
Received Import Request.
  Time since last request: 9.808562 seconds.
  path: Assets/Prefabs/Environment/BasePlatform.prefab
  artifactKey: Guid(cabe7f2e79adf41bfb6ab73d7564dd77) Importer(815301076,1909f56bfc062723c751e8b465ee728b)
Start importing Assets/Prefabs/Environment/BasePlatform.prefab using Guid(cabe7f2e79adf41bfb6ab73d7564dd77) Importer(815301076,1909f56bfc062723c751e8b465ee728b)  -> (artifact id: '7bacb27de9d70c0921be5b84cdd05d9b') in 0.142386 seconds 
  Import took 0.148076 seconds .

========================================================================
Received Prepare
Registering precompiled user dll's ...
Registered in 0.004867 seconds.
Begin MonoManager ReloadAssembly
Native extension for WindowsStandalone target not found
Native extension for OSXStandalone target not found
Native extension for WebGL target not found
Refreshing native plugins compatible for Editor in 0.59 ms, found 3 plugins.
Preloading 0 native plugins for Editor in 0.00 ms.
Mono: successfully reloaded assembly
- Completed reload, in  1.501 seconds
Platform modules already initialized, skipping
Switching build target platform(2) subTarget(0) extendedPlatform(0) -> platform(13) subTarget(537395200) extendedPlatform(0)
Refreshing native plugins compatible for Editor in 0.66 ms, found 3 plugins.
Preloading 0 native plugins for Editor in 0.00 ms.
Unloading 2565 Unused Serialized files (Serialized files now loaded: 0)
System memory in use before: 230.4 MB.
System memory in use after: 230.6 MB.

Unloading 17 unused Assets to reduce memory usage. Loaded Objects now: 3101.
Total: 3.324763 ms (FindLiveObjects: 0.326045 ms CreateObjectMapping: 0.159646 ms MarkObjects: 2.815791 ms  DeleteObjects: 0.022095 ms)

AssetImportParameters requested are different than current active one (requested -> active):
  custom:video-decoder-ogg-theora: a1e56fd34408186e4bbccfd4996cb3dc -> 
  custom:container-muxer-webm: aa71ff27fc2769a1b78a27578f13a17b -> 
  custom:container-demuxer-webm: 4f35f7cbe854078d1ac9338744f61a02 -> 
  custom:container-demuxer-ogg: 62fdf1f143b41e24485cea50d1cbac27 -> 
  custom:video-encoder-webm-vp8: eb34c28f22e8b96e1ab97ce403110664 -> 
  custom:framework-osx-AVFoundation: e770b220cccbd017edd2c1fefb359320 -> 
  custom:video-decoder-webm-vp8: 9c59270c3fd7afecdb556c50c9e8de78 -> 
  custom:graphics/normal-map-encoding: 01000000000000000000000000000000 -> 02000000000000000000000000000000
  custom:audio-decoder-ogg-vorbis: bf7c407c2cedff20999df2af8eb42d56 -> 
  custom:audio-encoder-webm-vorbis: bf7c407c2cedff20999df2af8eb42d56 -> 
